<?xml version="1.0" encoding="UTF-8"?><testsuite errors="0" failures="1" name="ingresar a la pagina practice.automationtesting" skipped="0" tests="1" time="57.71" timestamp="2021-08-05 09:47:22"><testcase name="Acceso a la pagina Principal"><failure message="&#10;Expected: an element that is present&#10;     but: no matching element found by id: menu_buzz_viewBuzz was not present" type="java.lang.AssertionError">
Expected: an element that is present
     but: no matching element found by id: menu_buzz_viewBuzz was not present</failure><system-err>
Expected: an element that is present
     but: no matching element found by id: menu_buzz_viewBuzz was not present&#13;
stepdefinitions.AutomationTestingStepDefinitions.el_introduce_su_credenciales(AutomationTestingStepDefinitions.java:58)&#13;
✽.el introduce su credenciales(src/test/resources/features/Login.feature:9)&#13;
</system-err></testcase></testsuite>